-------------------------------------------------------------------------------
Test set: programmer.zaman.now.test.CalculatorTest
-------------------------------------------------------------------------------
Tests run: 6, Failures: 1, Errors: 1, Skipped: 1, Time elapsed: 0.265 s <<< FAILURE! - in programmer.zaman.now.test.CalculatorTest
testAssumptions  Time elapsed: 0.05 s  <<< FAILURE!
org.opentest4j.AssertionFailedError: expected: <true> but was: <false>
	at programmer.zaman.now.test.CalculatorTest.testAssumptions(CalculatorTest.java:82)

testAbborted  Time elapsed: 0.004 s  <<< ERROR!
java.lang.NullPointerException: Cannot invoke "String.equals(Object)" because "profile" is null
	at programmer.zaman.now.test.CalculatorTest.testAbborted(CalculatorTest.java:73)

