<?xml version="1.0" encoding="UTF-8"?>
<testsuite xmlns:xsi="http://www.w3.org/2001/XMLSchema-instance" xsi:noNamespaceSchemaLocation="https://maven.apache.org/surefire/maven-surefire-plugin/xsd/surefire-test-report.xsd" name="programmer.zaman.now.test.ConditionsTest" time="0.011" tests="11" errors="0" skipped="5" failures="0">
  <properties>
[...]
</properties>
  <testcase name="testRunOnlyOnWindows" classname="programmer.zaman.now.test.ConditionsTest" time="0"/>
  <testcase name="testDisableOnJava20" classname="programmer.zaman.now.test.ConditionsTest" time="0">
    <skipped message="Disabled on JRE version: 20.0.2"/>
  </testcase>
  <testcase name="testDisableRunOnWindows" classname="programmer.zaman.now.test.ConditionsTest" time="0">
    <skipped message="Disabled on operating system: Windows 11"/>
  </testcase>
  <testcase name="testSystemProperties" classname="programmer.zaman.now.test.ConditionsTest" time="0.011"/>
  <testcase name="testDisableForJreRange" classname="programmer.zaman.now.test.ConditionsTest" time="0">
    <skipped message="Disabled on JRE version: 20.0.2"/>
  </testcase>
  <testcase name="testDisableOnDevProfile" classname="programmer.zaman.now.test.ConditionsTest" time="0"/>
  <testcase name="testEnableOnJava20" classname="programmer.zaman.now.test.ConditionsTest" time="0"/>
  <testcase name="testDisableOnJavaVendorOracle" classname="programmer.zaman.now.test.ConditionsTest" time="0">
    <skipped message="System property [java.vendor] with value [Oracle Corporation] matches regular expression [Oracle Corporation]"/>
  </testcase>
  <testcase name="testEnabledOnDevProfile" classname="programmer.zaman.now.test.ConditionsTest" time="0">
    <skipped message="Environment variable [PROFILE] does not exist"/>
  </testcase>
  <testcase name="testEnableForJreRange" classname="programmer.zaman.now.test.ConditionsTest" time="0"/>
  <testcase name="testEnableOnJavaVendorOracle" classname="programmer.zaman.now.test.ConditionsTest" time="0"/>
</testsuite>